[0811/115258.549:ERROR:process_memory_win.cc(73)] ReadMemory at 0x1de9b0a0a90 of 72 bytes failed: ReadProcessMemory 要求または WriteProcessMemory 要求の一部だけを完了しました。 (0x12B)
[0811/115258.550:WARNING:pe_image_annotations_reader.cc(134)] could not read annotations list object in C:\Program Files (x86)\Google\Chrome\Application\84.0.4147.105\chrome_elf.dll
[0811/115258.550:ERROR:process_memory_win.cc(73)] ReadMemory at 0x1de9b0d8e30 of 72 bytes failed: ReadProcessMemory 要求または WriteProcessMemory 要求の一部だけを完了しました。 (0x12B)
[0811/115258.550:WARNING:pe_image_annotations_reader.cc(134)] could not read annotations list object in C:\Program Files (x86)\Google\Chrome\Application\84.0.4147.105\chrome.dll
[0811/115258.555:ERROR:process_memory_win.cc(73)] ReadMemory at 0x7ff6c6590000 of 64 bytes failed: ReadProcessMemory 要求または WriteProcessMemory 要求の一部だけを完了しました。 (0x12B)
[0811/115258.555:WARNING:pe_image_reader.cc(340)] could not read dos header from C:\Program Files (x86)\Google\Chrome\Application\chrome.exe
[0811/115258.555:ERROR:process_memory_win.cc(73)] ReadMemory at 0x7ff88ef90000 of 64 bytes failed: ReadProcessMemory 要求または WriteProcessMemory 要求の一部だけを完了しました。 (0x12B)
[0811/115258.555:WARNING:pe_image_reader.cc(340)] could not read dos header from C:\WINDOWS\SYSTEM32\ntdll.dll
[0811/115258.555:ERROR:process_memory_win.cc(73)] ReadMemory at 0x7ff88e960000 of 64 bytes failed: ReadProcessMemory 要求または WriteProcessMemory 要求の一部だけを完了しました。 (0x12B)
[0811/115258.555:WARNING:pe_image_reader.cc(340)] could not read dos header from C:\WINDOWS\System32\KERNEL32.DLL
[0811/115258.555:ERROR:process_memory_win.cc(73)] ReadMemory at 0x7ff88cba0000 of 64 bytes failed: ReadProcessMemory 要求または WriteProcessMemory 要求の一部だけを完了しました。 (0x12B)
[0811/115258.555:WARNING:pe_image_reader.cc(340)] could not read dos header from C:\WINDOWS\System32\KERNELBASE.dll
[0811/115258.555:ERROR:process_memory_win.cc(73)] ReadMemory at 0x7ff83f730000 of 64 bytes failed: ReadProcessMemory 要求または WriteProcessMemory 要求の一部だけを完了しました。 (0x12B)
[0811/115258.555:WARNING:pe_image_reader.cc(340)] could not read dos header from C:\Program Files (x86)\Google\Chrome\Application\84.0.4147.105\chrome_elf.dll
[0811/115258.555:ERROR:process_memory_win.cc(73)] ReadMemory at 0x7ff8846e0000 of 64 bytes failed: ReadProcessMemory 要求または WriteProcessMemory 要求の一部だけを完了しました。 (0x12B)
[0811/115258.555:WARNING:pe_image_reader.cc(340)] could not read dos header from C:\WINDOWS\SYSTEM32\VERSION.dll
[0811/115258.555:ERROR:process_memory_win.cc(73)] ReadMemory at 0x7ff88e170000 of 64 bytes failed: ReadProcessMemory 要求または WriteProcessMemory 要求の一部だけを完了しました。 (0x12B)
[0811/115258.555:WARNING:pe_image_reader.cc(340)] could not read dos header from C:\WINDOWS\System32\msvcrt.dll
[0811/115258.555:ERROR:process_memory_win.cc(73)] ReadMemory at 0x7ff88e0c0000 of 64 bytes failed: ReadProcessMemory 要求または WriteProcessMemory 要求の一部だけを完了しました。 (0x12B)
[0811/115258.555:WARNING:pe_image_reader.cc(340)] could not read dos header from C:\WINDOWS\System32\ADVAPI32.dll
[0811/115258.555:ERROR:process_memory_win.cc(73)] ReadMemory at 0x7ff88ed40000 of 64 bytes failed: ReadProcessMemory 要求または WriteProcessMemory 要求の一部だけを完了しました。 (0x12B)
[0811/115258.555:WARNING:pe_image_reader.cc(340)] could not read dos header from C:\WINDOWS\System32\sechost.dll
[0811/115258.555:ERROR:process_memory_win.cc(73)] ReadMemory at 0x7ff88ea90000 of 64 bytes failed: ReadProcessMemory 要求または WriteProcessMemory 要求の一部だけを完了しました。 (0x12B)
[0811/115258.555:WARNING:pe_image_reader.cc(340)] could not read dos header from C:\WINDOWS\System32\RPCRT4.dll
[0811/115258.555:ERROR:process_memory_win.cc(73)] ReadMemory at 0x7ffff7dd0000 of 64 bytes failed: ReadProcessMemory 要求または WriteProcessMemory 要求の一部だけを完了しました。 (0x12B)
[0811/115258.555:WARNING:pe_image_reader.cc(340)] could not read dos header from C:\Program Files (x86)\Google\Chrome\Application\84.0.4147.105\chrome.dll
[0811/115258.555:ERROR:process_memory_win.cc(73)] ReadMemory at 0x7ff88e270000 of 64 bytes failed: ReadProcessMemory 要求または WriteProcessMemory 要求の一部だけを完了しました。 (0x12B)
[0811/115258.555:WARNING:pe_image_reader.cc(340)] could not read dos header from C:\WINDOWS\System32\WS2_32.dll
[0811/115258.555:ERROR:process_memory_win.cc(73)] ReadMemory at 0x7ff88e750000 of 64 bytes failed: ReadProcessMemory 要求または WriteProcessMemory 要求の一部だけを完了しました。 (0x12B)
[0811/115258.555:WARNING:pe_image_reader.cc(340)] could not read dos header from C:\WINDOWS\System32\OLEAUT32.dll
[0811/115258.555:ERROR:process_memory_win.cc(73)] ReadMemory at 0x7ff88c6e0000 of 64 bytes failed: ReadProcessMemory 要求または WriteProcessMemory 要求の一部だけを完了しました。 (0x12B)
[0811/115258.555:WARNING:pe_image_reader.cc(340)] could not read dos header from C:\WINDOWS\System32\msvcp_win.dll
[0811/115258.556:ERROR:process_memory_win.cc(73)] ReadMemory at 0x7ff88c9f0000 of 64 bytes failed: ReadProcessMemory 要求または WriteProcessMemory 要求の一部だけを完了しました。 (0x12B)
[0811/115258.556:WARNING:pe_image_reader.cc(340)] could not read dos header from C:\WINDOWS\System32\ucrtbase.dll
[0811/115258.556:ERROR:process_memory_win.cc(73)] ReadMemory at 0x7ff88dcd0000 of 64 bytes failed: ReadProcessMemory 要求または WriteProcessMemory 要求の一部だけを完了しました。 (0x12B)
[0811/115258.556:WARNING:pe_image_reader.cc(340)] could not read dos header from C:\WINDOWS\System32\combase.dll
[0811/115258.556:ERROR:process_memory_win.cc(73)] ReadMemory at 0x7ff88c940000 of 64 bytes failed: ReadProcessMemory 要求または WriteProcessMemory 要求の一部だけを完了しました。 (0x12B)
[0811/115258.556:WARNING:pe_image_reader.cc(340)] could not read dos header from C:\WINDOWS\System32\WINTRUST.dll
[0811/115258.556:ERROR:process_memory_win.cc(73)] ReadMemory at 0x7ff88c7b0000 of 64 bytes failed: ReadProcessMemory 要求または WriteProcessMemory 要求の一部だけを完了しました。 (0x12B)
[0811/115258.556:WARNING:pe_image_reader.cc(340)] could not read dos header from C:\WINDOWS\System32\CRYPT32.dll
[0811/115258.556:ERROR:process_memory_win.cc(73)] ReadMemory at 0x7ff88bb40000 of 64 bytes failed: ReadProcessMemory 要求または WriteProcessMemory 要求の一部だけを完了しました。 (0x12B)
[0811/115258.556:WARNING:pe_image_reader.cc(340)] could not read dos header from C:\WINDOWS\SYSTEM32\IPHLPAPI.DLL
[0811/115258.556:ERROR:process_memory_win.cc(73)] ReadMemory at 0x7ff882600000 of 64 bytes failed: ReadProcessMemory 要求または WriteProcessMemory 要求の一部だけを完了しました。 (0x12B)
[0811/115258.556:WARNING:pe_image_reader.cc(340)] could not read dos header from C:\WINDOWS\SYSTEM32\WINMM.dll
[0811/115258.556:ERROR:process_memory_win.cc(73)] ReadMemory at 0x7ff86fe60000 of 64 bytes failed: ReadProcessMemory 要求または WriteProcessMemory 要求の一部だけを完了しました。 (0x12B)
[0811/115258.556:WARNING:pe_image_reader.cc(340)] could not read dos header from C:\WINDOWS\SYSTEM32\Secur32.dll
[0811/115258.556:ERROR:process_memory_win.cc(73)] ReadMemory at 0x7ff88c5e0000 of 64 bytes failed: ReadProcessMemory 要求または WriteProcessMemory 要求の一部だけを完了しました。 (0x12B)
[0811/115258.556:WARNING:pe_image_reader.cc(340)] could not read dos header from C:\WINDOWS\SYSTEM32\USERENV.dll
[0811/115258.556:ERROR:process_memory_win.cc(73)] ReadMemory at 0x7ff85fd90000 of 64 bytes failed: ReadProcessMemory 要求または WriteProcessMemory 要求の一部だけを完了しました。 (0x12B)
[0811/115258.556:WARNING:pe_image_reader.cc(340)] could not read dos header from C:\WINDOWS\SYSTEM32\UIAutomationCore.DLL
[0811/115258.556:ERROR:process_memory_win.cc(73)] ReadMemory at 0x7ff87ec00000 of 64 bytes failed: ReadProcessMemory 要求または WriteProcessMemory 要求の一部だけを完了しました。 (0x12B)
[0811/115258.556:WARNING:pe_image_reader.cc(340)] could not read dos header from C:\WINDOWS\SYSTEM32\DWrite.dll
[0811/115258.556:ERROR:process_memory_win.cc(73)] ReadMemory at 0x7ff87e460000 of 64 bytes failed: ReadProcessMemory 要求または WriteProcessMemory 要求の一部だけを完了しました。 (0x12B)
[0811/115258.556:WARNING:pe_image_reader.cc(340)] could not read dos header from C:\WINDOWS\SYSTEM32\WINSPOOL.DRV
[0811/115258.556:ERROR:process_memory_win.cc(73)] ReadMemory at 0x7ff86aa90000 of 64 bytes failed: ReadProcessMemory 要求または WriteProcessMemory 要求の一部だけを完了しました。 (0x12B)
[0811/115258.556:WARNING:pe_image_reader.cc(340)] could not read dos header from C:\WINDOWS\SYSTEM32\dbghelp.dll
[0811/115258.556:ERROR:process_memory_win.cc(73)] ReadMemory at 0x7ff884de0000 of 64 bytes failed: ReadProcessMemory 要求または WriteProcessMemory 要求の一部だけを完了しました。 (0x12B)
[0811/115258.556:WARNING:pe_image_reader.cc(340)] could not read dos header from C:\WINDOWS\SYSTEM32\WINHTTP.dll
[0811/115258.556:ERROR:process_memory_win.cc(73)] ReadMemory at 0x7ff885c20000 of 64 bytes failed: ReadProcessMemory 要求または WriteProcessMemory 要求の一部だけを完了しました。 (0x12B)
[0811/115258.556:WARNING:pe_image_reader.cc(340)] could not read dos header from C:\WINDOWS\SYSTEM32\dhcpcsvc.DLL
[0811/115258.556:ERROR:process_memory_win.cc(73)] ReadMemory at 0x7ff887340000 of 64 bytes failed: ReadProcessMemory 要求または WriteProcessMemory 要求の一部だけを完了しました。 (0x12B)
[0811/115258.556:WARNING:pe_image_reader.cc(340)] could not read dos header from C:\WINDOWS\SYSTEM32\PROPSYS.dll
[0811/115258.556:ERROR:process_memory_win.cc(73)] ReadMemory at 0x7ff88c5a0000 of 64 bytes failed: ReadProcessMemory 要求または WriteProcessMemory 要求の一部だけを完了しました。 (0x12B)
[0811/115258.556:WARNING:pe_image_reader.cc(340)] could not read dos header from C:\WINDOWS\SYSTEM32\SSPICLI.DLL
[0811/115258.556:ERROR:process_memory_win.cc(73)] ReadMemory at 0x7ff88c2e0000 of 64 bytes failed: ReadProcessMemory 要求または WriteProcessMemory 要求の一部だけを完了しました。 (0x12B)
[0811/115258.556:WARNING:pe_image_reader.cc(340)] could not read dos header from C:\WINDOWS\System32\MSASN1.dll
[0811/115258.556:ERROR:process_memory_win.cc(73)] ReadMemory at 0x7ff88cf80000 of 64 bytes failed: ReadProcessMemory 要求または WriteProcessMemory 要求の一部だけを完了しました。 (0x12B)
[0811/115258.556:WARNING:pe_image_reader.cc(340)] could not read dos header from C:\WINDOWS\System32\bcryptPrimitives.dll
[0811/115258.556:ERROR:process_memory_win.cc(73)] ReadMemory at 0x7ff88c000000 of 64 bytes failed: ReadProcessMemory 要求または WriteProcessMemory 要求の一部だけを完了しました。 (0x12B)
[0811/115258.556:WARNING:pe_image_reader.cc(340)] could not read dos header from C:\WINDOWS\SYSTEM32\CRYPTBASE.DLL
[0811/115258.556:ERROR:process_memory_win.cc(73)] ReadMemory at 0x7ff6c6590000 of 64 bytes failed: ReadProcessMemory 要求または WriteProcessMemory 要求の一部だけを完了しました。 (0x12B)
[0811/115258.556:WARNING:pe_image_reader.cc(340)] could not read dos header from C:\Program Files (x86)\Google\Chrome\Application\chrome.exe
[0811/115258.556:ERROR:process_memory_win.cc(73)] ReadMemory at 0x7ff88ef90000 of 64 bytes failed: ReadProcessMemory 要求または WriteProcessMemory 要求の一部だけを完了しました。 (0x12B)
[0811/115258.556:WARNING:pe_image_reader.cc(340)] could not read dos header from C:\WINDOWS\SYSTEM32\ntdll.dll
[0811/115258.556:ERROR:process_memory_win.cc(73)] ReadMemory at 0x7ff88e960000 of 64 bytes failed: ReadProcessMemory 要求または WriteProcessMemory 要求の一部だけを完了しました。 (0x12B)
[0811/115258.556:WARNING:pe_image_reader.cc(340)] could not read dos header from C:\WINDOWS\System32\KERNEL32.DLL
[0811/115258.556:ERROR:process_memory_win.cc(73)] ReadMemory at 0x7ff88cba0000 of 64 bytes failed: ReadProcessMemory 要求または WriteProcessMemory 要求の一部だけを完了しました。 (0x12B)
[0811/115258.556:WARNING:pe_image_reader.cc(340)] could not read dos header from C:\WINDOWS\System32\KERNELBASE.dll
[0811/115258.556:ERROR:process_memory_win.cc(73)] ReadMemory at 0x7ff83f730000 of 64 bytes failed: ReadProcessMemory 要求または WriteProcessMemory 要求の一部だけを完了しました。 (0x12B)
[0811/115258.556:WARNING:pe_image_reader.cc(340)] could not read dos header from C:\Program Files (x86)\Google\Chrome\Application\84.0.4147.105\chrome_elf.dll
[0811/115258.556:ERROR:process_memory_win.cc(73)] ReadMemory at 0x7ff8846e0000 of 64 bytes failed: ReadProcessMemory 要求または WriteProcessMemory 要求の一部だけを完了しました。 (0x12B)
[0811/115258.556:WARNING:pe_image_reader.cc(340)] could not read dos header from C:\WINDOWS\SYSTEM32\VERSION.dll
[0811/115258.556:ERROR:process_memory_win.cc(73)] ReadMemory at 0x7ff88e170000 of 64 bytes failed: ReadProcessMemory 要求または WriteProcessMemory 要求の一部だけを完了しました。 (0x12B)
[0811/115258.556:WARNING:pe_image_reader.cc(340)] could not read dos header from C:\WINDOWS\System32\msvcrt.dll
[0811/115258.556:ERROR:process_memory_win.cc(73)] ReadMemory at 0x7ff88e0c0000 of 64 bytes failed: ReadProcessMemory 要求または WriteProcessMemory 要求の一部だけを完了しました。 (0x12B)
[0811/115258.556:WARNING:pe_image_reader.cc(340)] could not read dos header from C:\WINDOWS\System32\ADVAPI32.dll
[0811/115258.556:ERROR:process_memory_win.cc(73)] ReadMemory at 0x7ff88ed40000 of 64 bytes failed: ReadProcessMemory 要求または WriteProcessMemory 要求の一部だけを完了しました。 (0x12B)
[0811/115258.556:WARNING:pe_image_reader.cc(340)] could not read dos header from C:\WINDOWS\System32\sechost.dll
[0811/115258.556:ERROR:process_memory_win.cc(73)] ReadMemory at 0x7ff88ea90000 of 64 bytes failed: ReadProcessMemory 要求または WriteProcessMemory 要求の一部だけを完了しました。 (0x12B)
[0811/115258.556:WARNING:pe_image_reader.cc(340)] could not read dos header from C:\WINDOWS\System32\RPCRT4.dll
[0811/115258.556:ERROR:process_memory_win.cc(73)] ReadMemory at 0x7ffff7dd0000 of 64 bytes failed: ReadProcessMemory 要求または WriteProcessMemory 要求の一部だけを完了しました。 (0x12B)
[0811/115258.557:WARNING:pe_image_reader.cc(340)] could not read dos header from C:\Program Files (x86)\Google\Chrome\Application\84.0.4147.105\chrome.dll
[0811/115258.557:ERROR:process_memory_win.cc(73)] ReadMemory at 0x7ff88e270000 of 64 bytes failed: ReadProcessMemory 要求または WriteProcessMemory 要求の一部だけを完了しました。 (0x12B)
[0811/115258.557:WARNING:pe_image_reader.cc(340)] could not read dos header from C:\WINDOWS\System32\WS2_32.dll
[0811/115258.557:ERROR:process_memory_win.cc(73)] ReadMemory at 0x7ff88e750000 of 64 bytes failed: ReadProcessMemory 要求または WriteProcessMemory 要求の一部だけを完了しました。 (0x12B)
[0811/115258.557:WARNING:pe_image_reader.cc(340)] could not read dos header from C:\WINDOWS\System32\OLEAUT32.dll
[0811/115258.557:ERROR:process_memory_win.cc(73)] ReadMemory at 0x7ff88c6e0000 of 64 bytes failed: ReadProcessMemory 要求または WriteProcessMemory 要求の一部だけを完了しました。 (0x12B)
[0811/115258.557:WARNING:pe_image_reader.cc(340)] could not read dos header from C:\WINDOWS\System32\msvcp_win.dll
[0811/115258.557:ERROR:process_memory_win.cc(73)] ReadMemory at 0x7ff88c9f0000 of 64 bytes failed: ReadProcessMemory 要求または WriteProcessMemory 要求の一部だけを完了しました。 (0x12B)
[0811/115258.557:WARNING:pe_image_reader.cc(340)] could not read dos header from C:\WINDOWS\System32\ucrtbase.dll
[0811/115258.557:ERROR:process_memory_win.cc(73)] ReadMemory at 0x7ff88dcd0000 of 64 bytes failed: ReadProcessMemory 要求または WriteProcessMemory 要求の一部だけを完了しました。 (0x12B)
[0811/115258.557:WARNING:pe_image_reader.cc(340)] could not read dos header from C:\WINDOWS\System32\combase.dll
[0811/115258.557:ERROR:process_memory_win.cc(73)] ReadMemory at 0x7ff88c940000 of 64 bytes failed: ReadProcessMemory 要求または WriteProcessMemory 要求の一部だけを完了しました。 (0x12B)
[0811/115258.557:WARNING:pe_image_reader.cc(340)] could not read dos header from C:\WINDOWS\System32\WINTRUST.dll
[0811/115258.557:ERROR:process_memory_win.cc(73)] ReadMemory at 0x7ff88c7b0000 of 64 bytes failed: ReadProcessMemory 要求または WriteProcessMemory 要求の一部だけを完了しました。 (0x12B)
[0811/115258.557:WARNING:pe_image_reader.cc(340)] could not read dos header from C:\WINDOWS\System32\CRYPT32.dll
[0811/115258.557:ERROR:process_memory_win.cc(73)] ReadMemory at 0x7ff88bb40000 of 64 bytes failed: ReadProcessMemory 要求または WriteProcessMemory 要求の一部だけを完了しました。 (0x12B)
[0811/115258.557:WARNING:pe_image_reader.cc(340)] could not read dos header from C:\WINDOWS\SYSTEM32\IPHLPAPI.DLL
[0811/115258.557:ERROR:process_memory_win.cc(73)] ReadMemory at 0x7ff882600000 of 64 bytes failed: ReadProcessMemory 要求または WriteProcessMemory 要求の一部だけを完了しました。 (0x12B)
[0811/115258.557:WARNING:pe_image_reader.cc(340)] could not read dos header from C:\WINDOWS\SYSTEM32\WINMM.dll
[0811/115258.557:ERROR:process_memory_win.cc(73)] ReadMemory at 0x7ff86fe60000 of 64 bytes failed: ReadProcessMemory 要求または WriteProcessMemory 要求の一部だけを完了しました。 (0x12B)
[0811/115258.557:WARNING:pe_image_reader.cc(340)] could not read dos header from C:\WINDOWS\SYSTEM32\Secur32.dll
[0811/115258.557:ERROR:process_memory_win.cc(73)] ReadMemory at 0x7ff88c5e0000 of 64 bytes failed: ReadProcessMemory 要求または WriteProcessMemory 要求の一部だけを完了しました。 (0x12B)
[0811/115258.557:WARNING:pe_image_reader.cc(340)] could not read dos header from C:\WINDOWS\SYSTEM32\USERENV.dll
[0811/115258.557:ERROR:process_memory_win.cc(73)] ReadMemory at 0x7ff85fd90000 of 64 bytes failed: ReadProcessMemory 要求または WriteProcessMemory 要求の一部だけを完了しました。 (0x12B)
[0811/115258.557:WARNING:pe_image_reader.cc(340)] could not read dos header from C:\WINDOWS\SYSTEM32\UIAutomationCore.DLL
[0811/115258.557:ERROR:process_memory_win.cc(73)] ReadMemory at 0x7ff87ec00000 of 64 bytes failed: ReadProcessMemory 要求または WriteProcessMemory 要求の一部だけを完了しました。 (0x12B)
[0811/115258.557:WARNING:pe_image_reader.cc(340)] could not read dos header from C:\WINDOWS\SYSTEM32\DWrite.dll
[0811/115258.557:ERROR:process_memory_win.cc(73)] ReadMemory at 0x7ff87e460000 of 64 bytes failed: ReadProcessMemory 要求または WriteProcessMemory 要求の一部だけを完了しました。 (0x12B)
[0811/115258.557:WARNING:pe_image_reader.cc(340)] could not read dos header from C:\WINDOWS\SYSTEM32\WINSPOOL.DRV
[0811/115258.557:ERROR:process_memory_win.cc(73)] ReadMemory at 0x7ff86aa90000 of 64 bytes failed: ReadProcessMemory 要求または WriteProcessMemory 要求の一部だけを完了しました。 (0x12B)
[0811/115258.557:WARNING:pe_image_reader.cc(340)] could not read dos header from C:\WINDOWS\SYSTEM32\dbghelp.dll
[0811/115258.557:ERROR:process_memory_win.cc(73)] ReadMemory at 0x7ff884de0000 of 64 bytes failed: ReadProcessMemory 要求または WriteProcessMemory 要求の一部だけを完了しました。 (0x12B)
[0811/115258.557:WARNING:pe_image_reader.cc(340)] could not read dos header from C:\WINDOWS\SYSTEM32\WINHTTP.dll
[0811/115258.557:ERROR:process_memory_win.cc(73)] ReadMemory at 0x7ff885c20000 of 64 bytes failed: ReadProcessMemory 要求または WriteProcessMemory 要求の一部だけを完了しました。 (0x12B)
[0811/115258.557:WARNING:pe_image_reader.cc(340)] could not read dos header from C:\WINDOWS\SYSTEM32\dhcpcsvc.DLL
[0811/115258.557:ERROR:process_memory_win.cc(73)] ReadMemory at 0x7ff887340000 of 64 bytes failed: ReadProcessMemory 要求または WriteProcessMemory 要求の一部だけを完了しました。 (0x12B)
[0811/115258.557:WARNING:pe_image_reader.cc(340)] could not read dos header from C:\WINDOWS\SYSTEM32\PROPSYS.dll
[0811/115258.557:ERROR:process_memory_win.cc(73)] ReadMemory at 0x7ff88c5a0000 of 64 bytes failed: ReadProcessMemory 要求または WriteProcessMemory 要求の一部だけを完了しました。 (0x12B)
[0811/115258.557:WARNING:pe_image_reader.cc(340)] could not read dos header from C:\WINDOWS\SYSTEM32\SSPICLI.DLL
[0811/115258.557:ERROR:process_memory_win.cc(73)] ReadMemory at 0x7ff88c2e0000 of 64 bytes failed: ReadProcessMemory 要求または WriteProcessMemory 要求の一部だけを完了しました。 (0x12B)
[0811/115258.557:WARNING:pe_image_reader.cc(340)] could not read dos header from C:\WINDOWS\System32\MSASN1.dll
[0811/115258.557:ERROR:process_memory_win.cc(73)] ReadMemory at 0x7ff88cf80000 of 64 bytes failed: ReadProcessMemory 要求または WriteProcessMemory 要求の一部だけを完了しました。 (0x12B)
[0811/115258.557:WARNING:pe_image_reader.cc(340)] could not read dos header from C:\WINDOWS\System32\bcryptPrimitives.dll
[0811/115258.557:ERROR:process_memory_win.cc(73)] ReadMemory at 0x7ff88c000000 of 64 bytes failed: ReadProcessMemory 要求または WriteProcessMemory 要求の一部だけを完了しました。 (0x12B)
[0811/115258.557:WARNING:pe_image_reader.cc(340)] could not read dos header from C:\WINDOWS\SYSTEM32\CRYPTBASE.DLL
[0811/115258.562:ERROR:process_memory_win.cc(73)] ReadMemory at 0x6d571eb000 of 86016 bytes failed: ReadProcessMemory 要求または WriteProcessMemory 要求の一部だけを完了しました。 (0x12B)
[0811/115258.562:ERROR:process_memory_win.cc(73)] ReadMemory at 0x6d579fd000 of 12288 bytes failed: ReadProcessMemory 要求または WriteProcessMemory 要求の一部だけを完了しました。 (0x12B)
[0811/115258.562:ERROR:process_memory_win.cc(73)] ReadMemory at 0x6d589fd000 of 12288 bytes failed: ReadProcessMemory 要求または WriteProcessMemory 要求の一部だけを完了しました。 (0x12B)
[0811/115258.563:ERROR:process_memory_win.cc(73)] ReadMemory at 0x6d591fc000 of 16384 bytes failed: ReadProcessMemory 要求または WriteProcessMemory 要求の一部だけを完了しました。 (0x12B)
[0811/115258.563:ERROR:process_memory_win.cc(73)] ReadMemory at 0x6d599fe000 of 8192 bytes failed: ReadProcessMemory 要求または WriteProcessMemory 要求の一部だけを完了しました。 (0x12B)
[0811/115258.563:ERROR:process_memory_win.cc(73)] ReadMemory at 0x6d5a1fd000 of 12288 bytes failed: ReadProcessMemory 要求または WriteProcessMemory 要求の一部だけを完了しました。 (0x12B)
[0811/115258.563:ERROR:process_memory_win.cc(73)] ReadMemory at 0x6d5a9fb000 of 20480 bytes failed: ReadProcessMemory 要求または WriteProcessMemory 要求の一部だけを完了しました。 (0x12B)
[0811/115258.563:ERROR:process_memory_win.cc(73)] ReadMemory at 0x6d5b9fd000 of 12288 bytes failed: ReadProcessMemory 要求または WriteProcessMemory 要求の一部だけを完了しました。 (0x12B)
[0811/115258.563:ERROR:process_memory_win.cc(73)] ReadMemory at 0x6d5c1f6000 of 40960 bytes failed: ReadProcessMemory 要求または WriteProcessMemory 要求の一部だけを完了しました。 (0x12B)
[0811/115258.563:ERROR:process_memory_win.cc(73)] ReadMemory at 0x6d5c9f6000 of 40960 bytes failed: ReadProcessMemory 要求または WriteProcessMemory 要求の一部だけを完了しました。 (0x12B)
[0811/115258.563:ERROR:process_memory_win.cc(73)] ReadMemory at 0x6d5d1f6000 of 40960 bytes failed: ReadProcessMemory 要求または WriteProcessMemory 要求の一部だけを完了しました。 (0x12B)
[0811/115258.563:ERROR:process_memory_win.cc(73)] ReadMemory at 0x6d5d9fb000 of 20480 bytes failed: ReadProcessMemory 要求または WriteProcessMemory 要求の一部だけを完了しました。 (0x12B)
[0811/115258.563:ERROR:process_memory_win.cc(73)] ReadMemory at 0x6d5e1fd000 of 12288 bytes failed: ReadProcessMemory 要求または WriteProcessMemory 要求の一部だけを完了しました。 (0x12B)
[0811/115258.563:ERROR:process_memory_win.cc(73)] ReadMemory at 0x6d629fd000 of 12288 bytes failed: ReadProcessMemory 要求または WriteProcessMemory 要求の一部だけを完了しました。 (0x12B)
[0811/115258.563:ERROR:process_memory_win.cc(73)] ReadMemory at 0x6d581fd000 of 12288 bytes failed: ReadProcessMemory 要求または WriteProcessMemory 要求の一部だけを完了しました。 (0x12B)
[0811/115258.563:ERROR:process_memory_win.cc(73)] ReadMemory at 0x6d56807000 of 852 bytes failed: ReadProcessMemory 要求または WriteProcessMemory 要求の一部だけを完了しました。 (0x12B)
[0811/115258.563:ERROR:process_memory_win.cc(73)] ReadMemory at 0x6d56808000 of 6024 bytes failed: ReadProcessMemory 要求または WriteProcessMemory 要求の一部だけを完了しました。 (0x12B)
[0811/115258.563:ERROR:process_memory_win.cc(73)] ReadMemory at 0x6d5680a000 of 6024 bytes failed: ReadProcessMemory 要求または WriteProcessMemory 要求の一部だけを完了しました。 (0x12B)
[0811/115258.563:ERROR:process_memory_win.cc(73)] ReadMemory at 0x6d5680e000 of 6024 bytes failed: ReadProcessMemory 要求または WriteProcessMemory 要求の一部だけを完了しました。 (0x12B)
[0811/115258.563:ERROR:process_memory_win.cc(73)] ReadMemory at 0x6d56810000 of 6024 bytes failed: ReadProcessMemory 要求または WriteProcessMemory 要求の一部だけを完了しました。 (0x12B)
[0811/115258.563:ERROR:process_memory_win.cc(73)] ReadMemory at 0x6d56812000 of 6024 bytes failed: ReadProcessMemory 要求または WriteProcessMemory 要求の一部だけを完了しました。 (0x12B)
[0811/115258.564:ERROR:process_memory_win.cc(73)] ReadMemory at 0x6d56814000 of 6024 bytes failed: ReadProcessMemory 要求または WriteProcessMemory 要求の一部だけを完了しました。 (0x12B)
[0811/115258.564:ERROR:process_memory_win.cc(73)] ReadMemory at 0x6d56816000 of 6024 bytes failed: ReadProcessMemory 要求または WriteProcessMemory 要求の一部だけを完了しました。 (0x12B)
[0811/115258.564:ERROR:process_memory_win.cc(73)] ReadMemory at 0x6d5681a000 of 6024 bytes failed: ReadProcessMemory 要求または WriteProcessMemory 要求の一部だけを完了しました。 (0x12B)
[0811/115258.564:ERROR:process_memory_win.cc(73)] ReadMemory at 0x6d5681c000 of 6024 bytes failed: ReadProcessMemory 要求または WriteProcessMemory 要求の一部だけを完了しました。 (0x12B)
[0811/115258.564:ERROR:process_memory_win.cc(73)] ReadMemory at 0x6d5681e000 of 6024 bytes failed: ReadProcessMemory 要求または WriteProcessMemory 要求の一部だけを完了しました。 (0x12B)
[0811/115258.564:ERROR:process_memory_win.cc(73)] ReadMemory at 0x6d56820000 of 6024 bytes failed: ReadProcessMemory 要求または WriteProcessMemory 要求の一部だけを完了しました。 (0x12B)
[0811/115258.564:ERROR:process_memory_win.cc(73)] ReadMemory at 0x6d56822000 of 6024 bytes failed: ReadProcessMemory 要求または WriteProcessMemory 要求の一部だけを完了しました。 (0x12B)
[0811/115258.564:ERROR:process_memory_win.cc(73)] ReadMemory at 0x6d56824000 of 6024 bytes failed: ReadProcessMemory 要求または WriteProcessMemory 要求の一部だけを完了しました。 (0x12B)
[0811/115258.564:ERROR:process_memory_win.cc(73)] ReadMemory at 0x6d56836000 of 6024 bytes failed: ReadProcessMemory 要求または WriteProcessMemory 要求の一部だけを完了しました。 (0x12B)
[0811/115258.564:ERROR:process_memory_win.cc(73)] ReadMemory at 0x6d5683a000 of 6024 bytes failed: ReadProcessMemory 要求または WriteProcessMemory 要求の一部だけを完了しました。 (0x12B)
[0811/115258.564:ERROR:process_memory_win.cc(73)] ReadMemory at 0x1de9b090fe0 of 9738 bytes failed: ReadProcessMemory 要求または WriteProcessMemory 要求の一部だけを完了しました。 (0x12B)
[0811/115258.564:ERROR:process_memory_win.cc(73)] ReadMemory at 0x1de9b093600 of 1012 bytes failed: ReadProcessMemory 要求または WriteProcessMemory 要求の一部だけを完了しました。 (0x12B)
[0811/115258.564:ERROR:process_memory_win.cc(73)] ReadMemory at 0x1de9b093c48 of 118 bytes failed: ReadProcessMemory 要求または WriteProcessMemory 要求の一部だけを完了しました。 (0x12B)
[0811/115258.564:ERROR:process_memory_win.cc(73)] ReadMemory at 0x1de9b093cc0 of 1040 bytes failed: ReadProcessMemory 要求または WriteProcessMemory 要求の一部だけを完了しました。 (0x12B)
[0811/115258.564:ERROR:process_memory_win.cc(73)] ReadMemory at 0x1de9b0940d2 of 118 bytes failed: ReadProcessMemory 要求または WriteProcessMemory 要求の一部だけを完了しました。 (0x12B)
[0811/115258.564:ERROR:process_memory_win.cc(73)] ReadMemory at 0x1de9b09414a of 96 bytes failed: ReadProcessMemory 要求または WriteProcessMemory 要求の一部だけを完了しました。 (0x12B)
[0811/115258.564:ERROR:process_memory_win.cc(73)] ReadMemory at 0x1de9b0941c0 of 58 bytes failed: ReadProcessMemory 要求または WriteProcessMemory 要求の一部だけを完了しました。 (0x12B)
[0811/115258.564:ERROR:process_memory_win.cc(73)] ReadMemory at 0x1de9b0942c0 of 132 bytes failed: ReadProcessMemory 要求または WriteProcessMemory 要求の一部だけを完了しました。 (0x12B)
[0811/115258.564:ERROR:process_memory_win.cc(73)] ReadMemory at 0x1de9b094450 of 132 bytes failed: ReadProcessMemory 要求または WriteProcessMemory 要求の一部だけを完了しました。 (0x12B)
[0811/115258.564:ERROR:process_memory_win.cc(73)] ReadMemory at 0x1de9b094610 of 126 bytes failed: ReadProcessMemory 要求または WriteProcessMemory 要求の一部だけを完了しました。 (0x12B)
[0811/115258.564:ERROR:process_memory_win.cc(73)] ReadMemory at 0x1de9b0949f0 of 132 bytes failed: ReadProcessMemory 要求または WriteProcessMemory 要求の一部だけを完了しました。 (0x12B)
[0811/115258.564:ERROR:process_memory_win.cc(73)] ReadMemory at 0x1de9b094b80 of 64 bytes failed: ReadProcessMemory 要求または WriteProcessMemory 要求の一部だけを完了しました。 (0x12B)
[0811/115258.564:ERROR:process_memory_win.cc(73)] ReadMemory at 0x1de9b094d40 of 132 bytes failed: ReadProcessMemory 要求または WriteProcessMemory 要求の一部だけを完了しました。 (0x12B)
[0811/115258.565:ERROR:process_memory_win.cc(73)] ReadMemory at 0x1de9b095000 of 132 bytes failed: ReadProcessMemory 要求または WriteProcessMemory 要求の一部だけを完了しました。 (0x12B)
[0811/115258.565:ERROR:process_memory_win.cc(73)] ReadMemory at 0x1de9b095190 of 68 bytes failed: ReadProcessMemory 要求または WriteProcessMemory 要求の一部だけを完了しました。 (0x12B)
[0811/115258.565:ERROR:process_memory_win.cc(73)] ReadMemory at 0x1de9b096290 of 132 bytes failed: ReadProcessMemory 要求または WriteProcessMemory 要求の一部だけを完了しました。 (0x12B)
[0811/115258.565:ERROR:process_memory_win.cc(73)] ReadMemory at 0x1de9b0963c0 of 154 bytes failed: ReadProcessMemory 要求または WriteProcessMemory 要求の一部だけを完了しました。 (0x12B)
[0811/115258.565:ERROR:process_memory_win.cc(73)] ReadMemory at 0x1de9b098b60 of 60 bytes failed: ReadProcessMemory 要求または WriteProcessMemory 要求の一部だけを完了しました。 (0x12B)
[0811/115258.565:ERROR:process_memory_win.cc(73)] ReadMemory at 0x1de9b098c10 of 62 bytes failed: ReadProcessMemory 要求または WriteProcessMemory 要求の一部だけを完了しました。 (0x12B)
[0811/115258.565:ERROR:process_memory_win.cc(73)] ReadMemory at 0x1de9b098e00 of 132 bytes failed: ReadProcessMemory 要求または WriteProcessMemory 要求の一部だけを完了しました。 (0x12B)
[0811/115258.565:ERROR:process_memory_win.cc(73)] ReadMemory at 0x1de9b09e170 of 80 bytes failed: ReadProcessMemory 要求または WriteProcessMemory 要求の一部だけを完了しました。 (0x12B)
[0811/115258.565:ERROR:process_memory_win.cc(73)] ReadMemory at 0x1de9b0a7390 of 132 bytes failed: ReadProcessMemory 要求または WriteProcessMemory 要求の一部だけを完了しました。 (0x12B)
[0811/115258.565:ERROR:process_memory_win.cc(73)] ReadMemory at 0x1de9b0a75a0 of 132 bytes failed: ReadProcessMemory 要求または WriteProcessMemory 要求の一部だけを完了しました。 (0x12B)
[0811/115258.565:ERROR:process_memory_win.cc(73)] ReadMemory at 0x1de9b0a8720 of 132 bytes failed: ReadProcessMemory 要求または WriteProcessMemory 要求の一部だけを完了しました。 (0x12B)
[0811/115258.565:ERROR:process_memory_win.cc(73)] ReadMemory at 0x1de9b0a8850 of 132 bytes failed: ReadProcessMemory 要求または WriteProcessMemory 要求の一部だけを完了しました。 (0x12B)
[0811/115258.565:ERROR:process_memory_win.cc(73)] ReadMemory at 0x1de9b0a8980 of 132 bytes failed: ReadProcessMemory 要求または WriteProcessMemory 要求の一部だけを完了しました。 (0x12B)
[0811/115258.565:ERROR:process_memory_win.cc(73)] ReadMemory at 0x1de9b0a8ab0 of 132 bytes failed: ReadProcessMemory 要求または WriteProcessMemory 要求の一部だけを完了しました。 (0x12B)
[0811/115258.565:ERROR:process_memory_win.cc(73)] ReadMemory at 0x1de9b0a8be0 of 132 bytes failed: ReadProcessMemory 要求または WriteProcessMemory 要求の一部だけを完了しました。 (0x12B)
[0811/115258.565:ERROR:process_memory_win.cc(73)] ReadMemory at 0x1de9b0a8d10 of 132 bytes failed: ReadProcessMemory 要求または WriteProcessMemory 要求の一部だけを完了しました。 (0x12B)
[0811/115258.565:ERROR:process_memory_win.cc(73)] ReadMemory at 0x1de9b0a8e40 of 132 bytes failed: ReadProcessMemory 要求または WriteProcessMemory 要求の一部だけを完了しました。 (0x12B)
[0811/115258.565:ERROR:process_memory_win.cc(73)] ReadMemory at 0x1de9b0a8f70 of 132 bytes failed: ReadProcessMemory 要求または WriteProcessMemory 要求の一部だけを完了しました。 (0x12B)
[0811/115258.565:ERROR:process_memory_win.cc(73)] ReadMemory at 0x1de9b0a90a0 of 132 bytes failed: ReadProcessMemory 要求または WriteProcessMemory 要求の一部だけを完了しました。 (0x12B)
[0811/115258.565:ERROR:process_memory_win.cc(73)] ReadMemory at 0x1de9b0a91d0 of 132 bytes failed: ReadProcessMemory 要求または WriteProcessMemory 要求の一部だけを完了しました。 (0x12B)
[0811/115258.565:ERROR:process_memory_win.cc(73)] ReadMemory at 0x1de9b0a9300 of 132 bytes failed: ReadProcessMemory 要求または WriteProcessMemory 要求の一部だけを完了しました。 (0x12B)
[0811/115258.565:ERROR:process_memory_win.cc(73)] ReadMemory at 0x1de9b0a9430 of 132 bytes failed: ReadProcessMemory 要求または WriteProcessMemory 要求の一部だけを完了しました。 (0x12B)
[0811/115258.565:ERROR:process_memory_win.cc(73)] ReadMemory at 0x1de9b0aa5a0 of 62 bytes failed: ReadProcessMemory 要求または WriteProcessMemory 要求の一部だけを完了しました。 (0x12B)
[0811/115258.565:ERROR:process_memory_win.cc(73)] ReadMemory at 0x1de9b0aa5f0 of 62 bytes failed: ReadProcessMemory 要求または WriteProcessMemory 要求の一部だけを完了しました。 (0x12B)
[0811/115258.566:ERROR:process_memory_win.cc(73)] ReadMemory at 0x1de9b0aa640 of 62 bytes failed: ReadProcessMemory 要求または WriteProcessMemory 要求の一部だけを完了しました。 (0x12B)
[0811/115258.566:ERROR:process_memory_win.cc(73)] ReadMemory at 0x1de9b0aa690 of 60 bytes failed: ReadProcessMemory 要求または WriteProcessMemory 要求の一部だけを完了しました。 (0x12B)
[0811/115258.566:ERROR:process_memory_win.cc(73)] ReadMemory at 0x1de9b0aa780 of 64 bytes failed: ReadProcessMemory 要求または WriteProcessMemory 要求の一部だけを完了しました。 (0x12B)
[0811/115258.566:ERROR:process_memory_win.cc(73)] ReadMemory at 0x1de9b0aaa50 of 64 bytes failed: ReadProcessMemory 要求または WriteProcessMemory 要求の一部だけを完了しました。 (0x12B)
[0811/115258.566:ERROR:process_memory_win.cc(73)] ReadMemory at 0x1de9b0aaaa0 of 64 bytes failed: ReadProcessMemory 要求または WriteProcessMemory 要求の一部だけを完了しました。 (0x12B)
[0811/115258.566:ERROR:process_memory_win.cc(73)] ReadMemory at 0x1de9b0aaaf0 of 64 bytes failed: ReadProcessMemory 要求または WriteProcessMemory 要求の一部だけを完了しました。 (0x12B)
[0811/115258.566:ERROR:process_memory_win.cc(73)] ReadMemory at 0x1de9b0aab40 of 62 bytes failed: ReadProcessMemory 要求または WriteProcessMemory 要求の一部だけを完了しました。 (0x12B)
[0811/115258.566:ERROR:process_memory_win.cc(73)] ReadMemory at 0x1de9b0aabe0 of 62 bytes failed: ReadProcessMemory 要求または WriteProcessMemory 要求の一部だけを完了しました。 (0x12B)
[0811/115258.566:ERROR:process_memory_win.cc(73)] ReadMemory at 0x1de9b0aad70 of 64 bytes failed: ReadProcessMemory 要求または WriteProcessMemory 要求の一部だけを完了しました。 (0x12B)
[0811/115258.566:ERROR:process_memory_win.cc(73)] ReadMemory at 0x1de9b0aae10 of 64 bytes failed: ReadProcessMemory 要求または WriteProcessMemory 要求の一部だけを完了しました。 (0x12B)
[0811/115258.566:ERROR:process_memory_win.cc(73)] ReadMemory at 0x1de9b0aae60 of 62 bytes failed: ReadProcessMemory 要求または WriteProcessMemory 要求の一部だけを完了しました。 (0x12B)
[0811/115258.566:ERROR:process_memory_win.cc(73)] ReadMemory at 0x1de9b0aafa0 of 64 bytes failed: ReadProcessMemory 要求または WriteProcessMemory 要求の一部だけを完了しました。 (0x12B)
[0811/115258.566:ERROR:process_memory_win.cc(73)] ReadMemory at 0x1de9b0ab040 of 62 bytes failed: ReadProcessMemory 要求または WriteProcessMemory 要求の一部だけを完了しました。 (0x12B)
[0811/115258.566:ERROR:process_memory_win.cc(73)] ReadMemory at 0x1de9b0ab180 of 58 bytes failed: ReadProcessMemory 要求または WriteProcessMemory 要求の一部だけを完了しました。 (0x12B)
[0811/115258.566:ERROR:process_memory_win.cc(73)] ReadMemory at 0x1de9b0ab270 of 62 bytes failed: ReadProcessMemory 要求または WriteProcessMemory 要求の一部だけを完了しました。 (0x12B)
[0811/115258.567:ERROR:process_memory_win.cc(73)] ReadMemory at 0x1de9b0ab2c0 of 62 bytes failed: ReadProcessMemory 要求または WriteProcessMemory 要求の一部だけを完了しました。 (0x12B)
[0811/115258.567:ERROR:process_memory_win.cc(73)] ReadMemory at 0x1de9b0ab310 of 60 bytes failed: ReadProcessMemory 要求または WriteProcessMemory 要求の一部だけを完了しました。 (0x12B)
[0811/115258.567:ERROR:process_memory_win.cc(73)] ReadMemory at 0x1de9b0ab400 of 60 bytes failed: ReadProcessMemory 要求または WriteProcessMemory 要求の一部だけを完了しました。 (0x12B)
[0811/115258.567:ERROR:process_memory_win.cc(73)] ReadMemory at 0x1de9b0ab450 of 66 bytes failed: ReadProcessMemory 要求または WriteProcessMemory 要求の一部だけを完了しました。 (0x12B)
[0811/115258.567:ERROR:process_memory_win.cc(73)] ReadMemory at 0x1de9b0abd70 of 146 bytes failed: ReadProcessMemory 要求または WriteProcessMemory 要求の一部だけを完了しました。 (0x12B)
[0811/115258.567:ERROR:process_memory_win.cc(73)] ReadMemory at 0x1de9b0abe60 of 132 bytes failed: ReadProcessMemory 要求または WriteProcessMemory 要求の一部だけを完了しました。 (0x12B)
[0811/115258.567:ERROR:process_memory_win.cc(73)] ReadMemory at 0x1de9b0ace00 of 132 bytes failed: ReadProcessMemory 要求または WriteProcessMemory 要求の一部だけを完了しました。 (0x12B)
[0811/115258.567:ERROR:process_memory_win.cc(73)] ReadMemory at 0x1de9b0ad150 of 132 bytes failed: ReadProcessMemory 要求または WriteProcessMemory 要求の一部だけを完了しました。 (0x12B)
[0811/115258.567:ERROR:process_memory_win.cc(73)] ReadMemory at 0x1de9b0ad360 of 132 bytes failed: ReadProcessMemory 要求または WriteProcessMemory 要求の一部だけを完了しました。 (0x12B)
[0811/115258.567:ERROR:process_memory_win.cc(73)] ReadMemory at 0x1de9b0afc80 of 132 bytes failed: ReadProcessMemory 要求または WriteProcessMemory 要求の一部だけを完了しました。 (0x12B)
[0811/115258.567:ERROR:process_memory_win.cc(73)] ReadMemory at 0x1de9b0afdb0 of 132 bytes failed: ReadProcessMemory 要求または WriteProcessMemory 要求の一部だけを完了しました。 (0x12B)
[0811/115258.567:ERROR:process_memory_win.cc(73)] ReadMemory at 0x1de9b0b3df0 of 132 bytes failed: ReadProcessMemory 要求または WriteProcessMemory 要求の一部だけを完了しました。 (0x12B)
[0811/115258.568:ERROR:process_memory_win.cc(73)] ReadMemory at 0x1de9b0b6150 of 132 bytes failed: ReadProcessMemory 要求または WriteProcessMemory 要求の一部だけを完了しました。 (0x12B)
[0811/115258.568:ERROR:process_memory_win.cc(73)] ReadMemory at 0x1de9b0b6280 of 132 bytes failed: ReadProcessMemory 要求または WriteProcessMemory 要求の一部だけを完了しました。 (0x12B)
[0811/115258.568:ERROR:process_memory_win.cc(73)] ReadMemory at 0x1de9b0b6f90 of 132 bytes failed: ReadProcessMemory 要求または WriteProcessMemory 要求の一部だけを完了しました。 (0x12B)
[0811/115258.568:ERROR:process_memory_win.cc(73)] ReadMemory at 0x1de9b0b7580 of 132 bytes failed: ReadProcessMemory 要求または WriteProcessMemory 要求の一部だけを完了しました。 (0x12B)
[0811/115258.568:ERROR:process_memory_win.cc(73)] ReadMemory at 0x1de9b0b88d0 of 80 bytes failed: ReadProcessMemory 要求または WriteProcessMemory 要求の一部だけを完了しました。 (0x12B)
[0811/115258.568:ERROR:process_memory_win.cc(73)] ReadMemory at 0x1de9b0c2ba0 of 60 bytes failed: ReadProcessMemory 要求または WriteProcessMemory 要求の一部だけを完了しました。 (0x12B)
[0811/115258.568:ERROR:process_memory_win.cc(73)] ReadMemory at 0x1de9b1041e0 of 512 bytes failed: ReadProcessMemory 要求または WriteProcessMemory 要求の一部だけを完了しました。 (0x12B)
[0811/115258.568:ERROR:process_memory_win.cc(73)] ReadMemory at 0x1de9b106a60 of 512 bytes failed: ReadProcessMemory 要求または WriteProcessMemory 要求の一部だけを完了しました。 (0x12B)
[0811/115258.568:ERROR:process_memory_win.cc(73)] ReadMemory at 0x1de9b12b760 of 512 bytes failed: ReadProcessMemory 要求または WriteProcessMemory 要求の一部だけを完了しました。 (0x12B)
[0811/115258.568:ERROR:process_memory_win.cc(73)] ReadMemory at 0x1de9b130e30 of 512 bytes failed: ReadProcessMemory 要求または WriteProcessMemory 要求の一部だけを完了しました。 (0x12B)
[0811/115258.568:ERROR:process_memory_win.cc(73)] ReadMemory at 0x1de9b131f50 of 512 bytes failed: ReadProcessMemory 要求または WriteProcessMemory 要求の一部だけを完了しました。 (0x12B)
[0811/115258.568:ERROR:process_memory_win.cc(73)] ReadMemory at 0x1de9b1336c0 of 712 bytes failed: ReadProcessMemory 要求または WriteProcessMemory 要求の一部だけを完了しました。 (0x12B)
[0811/115258.568:ERROR:process_memory_win.cc(73)] ReadMemory at 0x1de9b164740 of 512 bytes failed: ReadProcessMemory 要求または WriteProcessMemory 要求の一部だけを完了しました。 (0x12B)
[0811/115258.569:ERROR:process_memory_win.cc(73)] ReadMemory at 0x1de9b260c40 of 512 bytes failed: ReadProcessMemory 要求または WriteProcessMemory 要求の一部だけを完了しました。 (0x12B)
[0811/115258.569:ERROR:process_memory_win.cc(73)] ReadMemory at 0x1de9b261180 of 512 bytes failed: ReadProcessMemory 要求または WriteProcessMemory 要求の一部だけを完了しました。 (0x12B)
[0811/115258.569:ERROR:process_memory_win.cc(73)] ReadMemory at 0x1de9b264480 of 512 bytes failed: ReadProcessMemory 要求または WriteProcessMemory 要求の一部だけを完了しました。 (0x12B)
[0811/115258.569:ERROR:process_memory_win.cc(73)] ReadMemory at 0x1de9cb20460 of 512 bytes failed: ReadProcessMemory 要求または WriteProcessMemory 要求の一部だけを完了しました。 (0x12B)
[0811/115258.569:ERROR:process_memory_win.cc(73)] ReadMemory at 0x1de9cb68930 of 512 bytes failed: ReadProcessMemory 要求または WriteProcessMemory 要求の一部だけを完了しました。 (0x12B)
[0811/115258.569:ERROR:process_memory_win.cc(73)] ReadMemory at 0x1de9cb95030 of 512 bytes failed: ReadProcessMemory 要求または WriteProcessMemory 要求の一部だけを完了しました。 (0x12B)
[0811/115258.569:ERROR:process_memory_win.cc(73)] ReadMemory at 0x1de9d76d564 of 512 bytes failed: ReadProcessMemory 要求または WriteProcessMemory 要求の一部だけを完了しました。 (0x12B)
[0811/115258.569:ERROR:process_memory_win.cc(73)] ReadMemory at 0x1de9fde3c90 of 512 bytes failed: ReadProcessMemory 要求または WriteProcessMemory 要求の一部だけを完了しました。 (0x12B)
[0811/115258.569:ERROR:process_memory_win.cc(73)] ReadMemory at 0x6505b60f0318 of 512 bytes failed: ReadProcessMemory 要求または WriteProcessMemory 要求の一部だけを完了しました。 (0x12B)
[0811/115258.569:ERROR:process_memory_win.cc(73)] ReadMemory at 0x7ff88cbc3dc9 of 512 bytes failed: ReadProcessMemory 要求または WriteProcessMemory 要求の一部だけを完了しました。 (0x12B)
[0811/115258.569:ERROR:process_memory_win.cc(73)] ReadMemory at 0x7ff88ce2c738 of 512 bytes failed: ReadProcessMemory 要求または WriteProcessMemory 要求の一部だけを完了しました。 (0x12B)
[0811/115258.569:ERROR:process_memory_win.cc(73)] ReadMemory at 0x7ff88f02bdc4 of 672 bytes failed: ReadProcessMemory 要求または WriteProcessMemory 要求の一部だけを完了しました。 (0x12B)
[0811/115258.569:ERROR:process_memory_win.cc(73)] ReadMemory at 0x7ff88f02c3c4 of 512 bytes failed: ReadProcessMemory 要求または WriteProcessMemory 要求の一部だけを完了しました。 (0x12B)
[0811/115258.569:ERROR:process_memory_win.cc(73)] ReadMemory at 0x7ff88f02f734 of 608 bytes failed: ReadProcessMemory 要求または WriteProcessMemory 要求の一部だけを完了しました。 (0x12B)
[0811/115258.570:ERROR:process_memory_win.cc(73)] ReadMemory at 0x7ff88f0c06e0 of 18 bytes failed: ReadProcessMemory 要求または WriteProcessMemory 要求の一部だけを完了しました。 (0x12B)
[0811/115258.570:ERROR:process_memory_win.cc(73)] ReadMemory at 0x7ff88f0f44f8 of 40 bytes failed: ReadProcessMemory 要求または WriteProcessMemory 要求の一部だけを完了しました。 (0x12B)
[0811/115258.570:ERROR:process_memory_win.cc(73)] ReadMemory at 0x7ff88f0f4978 of 48 bytes failed: ReadProcessMemory 要求または WriteProcessMemory 要求の一部だけを完了しました。 (0x12B)
[0811/115258.570:ERROR:process_memory_win.cc(73)] ReadMemory at 0x7ff88f0fa4c0 of 64 bytes failed: ReadProcessMemory 要求または WriteProcessMemory 要求の一部だけを完了しました。 (0x12B)
[0811/115258.570:ERROR:process_memory_win.cc(73)] ReadMemory at 0x7ffffa5d979c of 512 bytes failed: ReadProcessMemory 要求または WriteProcessMemory 要求の一部だけを完了しました。 (0x12B)
[0811/115258.570:ERROR:process_memory_win.cc(73)] ReadMemory at 0x7ffffba29e26 of 512 bytes failed: ReadProcessMemory 要求または WriteProcessMemory 要求の一部だけを完了しました。 (0x12B)
[0811/115258.570:ERROR:process_memory_win.cc(73)] ReadMemory at 0x7fffff1108c0 of 512 bytes failed: ReadProcessMemory 要求または WriteProcessMemory 要求の一部だけを完了しました。 (0x12B)
[0811/115258.571:ERROR:scoped_process_suspend.cc(40)] NtResumeProcess: 既存のプロセスにアクセスしようとしました。 (0xc000010a)
